\BOOKMARK [0][-]{chapter.1}{\376\377\0001\000\040\000B\000i\000o\000C\000A\000S\000e\000\040\000M\000o\000n\000i\000t\000o\000r\000\040\0002\000.\0001}{}% 1
\BOOKMARK [0][-]{chapter.2}{\376\377\0002\000\040\000B\000M\000S\000\040\000C\000o\000n\000s\000i\000s\000t\000e\000n\000c\000y\000\040\000C\000h\000e\000c\000k\000\040\000-\000\040\000T\000o\000d\000o\000\040\000L\000i\000s\000t}{}% 2
\BOOKMARK [0][-]{chapter.3}{\376\377\0003\000\040\000T\000o\000d\000o\000\040\000L\000i\000s\000t}{}% 3
\BOOKMARK [0][-]{chapter.4}{\376\377\0004\000\040\000N\000a\000m\000e\000s\000p\000a\000c\000e\000\040\000I\000n\000d\000e\000x}{}% 4
\BOOKMARK [1][-]{section.4.1}{\376\377\0004\000.\0001\000\040\000N\000a\000m\000e\000s\000p\000a\000c\000e\000\040\000L\000i\000s\000t}{chapter.4}% 5
\BOOKMARK [0][-]{chapter.5}{\376\377\0005\000\040\000D\000a\000t\000a\000\040\000S\000t\000r\000u\000c\000t\000u\000r\000e\000\040\000I\000n\000d\000e\000x}{}% 6
\BOOKMARK [1][-]{section.5.1}{\376\377\0005\000.\0001\000\040\000D\000a\000t\000a\000\040\000S\000t\000r\000u\000c\000t\000u\000r\000e\000s}{chapter.5}% 7
\BOOKMARK [0][-]{chapter.6}{\376\377\0006\000\040\000F\000i\000l\000e\000\040\000I\000n\000d\000e\000x}{}% 8
\BOOKMARK [1][-]{section.6.1}{\376\377\0006\000.\0001\000\040\000F\000i\000l\000e\000\040\000L\000i\000s\000t}{chapter.6}% 9
\BOOKMARK [0][-]{chapter.7}{\376\377\0007\000\040\000N\000a\000m\000e\000s\000p\000a\000c\000e\000\040\000D\000o\000c\000u\000m\000e\000n\000t\000a\000t\000i\000o\000n}{}% 10
\BOOKMARK [1][-]{section.7.1}{\376\377\0007\000.\0001\000\040\000B\000m\000s\000\040\000N\000a\000m\000e\000s\000p\000a\000c\000e\000\040\000R\000e\000f\000e\000r\000e\000n\000c\000e}{chapter.7}% 11
\BOOKMARK [2][-]{subsection.7.1.1}{\376\377\0007\000.\0001\000.\0001\000\040\000D\000e\000t\000a\000i\000l\000e\000d\000\040\000D\000e\000s\000c\000r\000i\000p\000t\000i\000o\000n}{section.7.1}% 12
\BOOKMARK [2][-]{subsection.7.1.2}{\376\377\0007\000.\0001\000.\0002\000\040\000F\000u\000n\000c\000t\000i\000o\000n\000\040\000D\000o\000c\000u\000m\000e\000n\000t\000a\000t\000i\000o\000n}{section.7.1}% 13
\BOOKMARK [3][-]{subsubsection.7.1.2.1}{\376\377\0007\000.\0001\000.\0002\000.\0001\000\040\000i\000n\000i\000t\000\050\000\051}{subsection.7.1.2}% 14
\BOOKMARK [2][-]{subsection.7.1.3}{\376\377\0007\000.\0001\000.\0003\000\040\000V\000a\000r\000i\000a\000b\000l\000e\000\040\000D\000o\000c\000u\000m\000e\000n\000t\000a\000t\000i\000o\000n}{section.7.1}% 15
\BOOKMARK [3][-]{subsubsection.7.1.3.1}{\376\377\0007\000.\0001\000.\0003\000.\0001\000\040\000d\000b}{subsection.7.1.3}% 16
\BOOKMARK [3][-]{subsubsection.7.1.3.2}{\376\377\0007\000.\0001\000.\0003\000.\0002\000\040\000r\000o\000u\000t\000e}{subsection.7.1.3}% 17
\BOOKMARK [3][-]{subsubsection.7.1.3.3}{\376\377\0007\000.\0001\000.\0003\000.\0003\000\040\000C\000A\000C\000H\000E\000D\000I\000R\000E\000C\000T\000O\000R\000Y}{subsection.7.1.3}% 18
\BOOKMARK [3][-]{subsubsection.7.1.3.4}{\376\377\0007\000.\0001\000.\0003\000.\0004\000\040\000C\000A\000C\000H\000I\000N\000G\000I\000N\000T\000E\000R\000V\000A\000L}{subsection.7.1.3}% 19
\BOOKMARK [3][-]{subsubsection.7.1.3.5}{\376\377\0007\000.\0001\000.\0003\000.\0005\000\040\000C\000U\000S\000T\000O\000M}{subsection.7.1.3}% 20
\BOOKMARK [3][-]{subsubsection.7.1.3.6}{\376\377\0007\000.\0001\000.\0003\000.\0006\000\040\000D\000A\000T\000A\000C\000E\000N\000T\000E\000R\000N\000A\000M\000E}{subsection.7.1.3}% 21
\BOOKMARK [3][-]{subsubsection.7.1.3.7}{\376\377\0007\000.\0001\000.\0003\000.\0007\000\040\000D\000B\000D\000I\000R}{subsection.7.1.3}% 22
\BOOKMARK [3][-]{subsubsection.7.1.3.8}{\376\377\0007\000.\0001\000.\0003\000.\0008\000\040\000D\000B\000F\000I\000L\000E\000N\000A\000M\000E}{subsection.7.1.3}% 23
\BOOKMARK [3][-]{subsubsection.7.1.3.9}{\376\377\0007\000.\0001\000.\0003\000.\0009\000\040\000D\000E\000B\000U\000G\000M\000O\000D\000E}{subsection.7.1.3}% 24
\BOOKMARK [3][-]{subsubsection.7.1.3.10}{\376\377\0007\000.\0001\000.\0003\000.\0001\0000\000\040\000D\000I\000S\000T\000I\000N\000C\000T}{subsection.7.1.3}% 25
\BOOKMARK [3][-]{subsubsection.7.1.3.11}{\376\377\0007\000.\0001\000.\0003\000.\0001\0001\000\040\000D\000R\000O\000P\000P\000E\000D}{subsection.7.1.3}% 26
\BOOKMARK [3][-]{subsubsection.7.1.3.12}{\376\377\0007\000.\0001\000.\0003\000.\0001\0002\000\040\000P\000R\000O\000X\000Y\000W\000O\000R\000K\000A\000R\000O\000U\000N\000D}{subsection.7.1.3}% 27
\BOOKMARK [3][-]{subsubsection.7.1.3.13}{\376\377\0007\000.\0001\000.\0003\000.\0001\0003\000\040\000P\000R\000O\000X\000Y\000W\000O\000R\000K\000A\000R\000O\000U\000N\000D\000U\000R\000L}{subsection.7.1.3}% 28
\BOOKMARK [3][-]{subsubsection.7.1.3.14}{\376\377\0007\000.\0001\000.\0003\000.\0001\0004\000\040\000S\000A\000L\000T}{subsection.7.1.3}% 29
\BOOKMARK [3][-]{subsubsection.7.1.3.15}{\376\377\0007\000.\0001\000.\0003\000.\0001\0005\000\040\000T\000O\000T\000A\000L}{subsection.7.1.3}% 30
\BOOKMARK [3][-]{subsubsection.7.1.3.16}{\376\377\0007\000.\0001\000.\0003\000.\0001\0006\000\040\000V\000E\000R\000B\000O\000S\000E}{subsection.7.1.3}% 31
\BOOKMARK [1][-]{section.7.2}{\376\377\0007\000.\0002\000\040\000C\000o\000n\000s\000i\000s\000t\000e\000n\000c\000y\000\040\000N\000a\000m\000e\000s\000p\000a\000c\000e\000\040\000R\000e\000f\000e\000r\000e\000n\000c\000e}{chapter.7}% 32
\BOOKMARK [2][-]{subsection.7.2.1}{\376\377\0007\000.\0002\000.\0001\000\040\000D\000e\000t\000a\000i\000l\000e\000d\000\040\000D\000e\000s\000c\000r\000i\000p\000t\000i\000o\000n}{section.7.2}% 33
\BOOKMARK [2][-]{subsection.7.2.2}{\376\377\0007\000.\0002\000.\0002\000\040\000F\000u\000n\000c\000t\000i\000o\000n\000\040\000D\000o\000c\000u\000m\000e\000n\000t\000a\000t\000i\000o\000n}{section.7.2}% 34
\BOOKMARK [3][-]{subsubsection.7.2.2.1}{\376\377\0007\000.\0002\000.\0002\000.\0001\000\040\000g\000e\000t\000t\000a\000g\000\050\000t\000a\000g\000,\000\040\000x\000m\000l\000\051}{subsection.7.2.2}% 35
\BOOKMARK [3][-]{subsubsection.7.2.2.2}{\376\377\0007\000.\0002\000.\0002\000.\0002\000\040\000g\000e\000t\000M\000a\000p\000p\000e\000d\000E\000l\000e\000m\000e\000n\000t\000s\000\050\000m\000a\000p\000p\000i\000n\000g\000\051}{subsection.7.2.2}% 36
\BOOKMARK [3][-]{subsubsection.7.2.2.3}{\376\377\0007\000.\0002\000.\0002\000.\0003\000\040\000g\000e\000t\000M\000a\000p\000p\000e\000d\000E\000l\000e\000m\000e\000n\000t\000s\000W\000i\000t\000h\000o\000u\000t\000R\000u\000l\000e\000s\000\050\000m\000a\000p\000p\000i\000n\000g\000\051}{subsection.7.2.2}% 37
\BOOKMARK [3][-]{subsubsection.7.2.2.4}{\376\377\0007\000.\0002\000.\0002\000.\0004\000\040\000g\000e\000t\000R\000u\000l\000e\000I\000n\000f\000o\000\050\000c\000o\000n\000c\000e\000p\000t\000,\000\040\000m\000a\000p\000p\000i\000n\000g\000\051}{subsection.7.2.2}% 38
\BOOKMARK [3][-]{subsubsection.7.2.2.5}{\376\377\0007\000.\0002\000.\0002\000.\0005\000\040\000g\000e\000t\000S\000c\000h\000e\000m\000a\000I\000n\000f\000o\000\050\000s\000c\000h\000e\000m\000a\000\051}{subsection.7.2.2}% 39
\BOOKMARK [3][-]{subsubsection.7.2.2.6}{\376\377\0007\000.\0002\000.\0002\000.\0006\000\040\000g\000e\000t\000S\000c\000h\000e\000m\000a\000M\000a\000p\000p\000i\000n\000g\000I\000n\000f\000o\000\050\000m\000a\000p\000p\000i\000n\000g\000\051}{subsection.7.2.2}% 40
\BOOKMARK [3][-]{subsubsection.7.2.2.7}{\376\377\0007\000.\0002\000.\0002\000.\0007\000\040\000g\000e\000t\000S\000c\000h\000e\000m\000a\000M\000a\000p\000p\000i\000n\000g\000s\000\050\000m\000a\000p\000p\000i\000n\000g\000\051}{subsection.7.2.2}% 41
\BOOKMARK [3][-]{subsubsection.7.2.2.8}{\376\377\0007\000.\0002\000.\0002\000.\0008\000\040\000g\000e\000t\000S\000c\000h\000e\000m\000a\000s\000\050\000\051}{subsection.7.2.2}% 42
\BOOKMARK [2][-]{subsection.7.2.3}{\376\377\0007\000.\0002\000.\0003\000\040\000V\000a\000r\000i\000a\000b\000l\000e\000\040\000D\000o\000c\000u\000m\000e\000n\000t\000a\000t\000i\000o\000n}{section.7.2}% 43
\BOOKMARK [3][-]{subsubsection.7.2.3.1}{\376\377\0007\000.\0002\000.\0003\000.\0001\000\040\000a\000c\000o\000n\000c\000e\000p\000t}{subsection.7.2.3}% 44
\BOOKMARK [3][-]{subsubsection.7.2.3.2}{\376\377\0007\000.\0002\000.\0003\000.\0002\000\040\000c\000o\000n\000c\000e\000p\000t\000x\000p\000a\000t\000h}{subsection.7.2.3}% 45
\BOOKMARK [3][-]{subsubsection.7.2.3.3}{\376\377\0007\000.\0002\000.\0003\000.\0003\000\040\000d\000s\000a}{subsection.7.2.3}% 46
\BOOKMARK [3][-]{subsubsection.7.2.3.4}{\376\377\0007\000.\0002\000.\0003\000.\0004\000\040\000f\000i\000l\000t\000e\000r}{subsection.7.2.3}% 47
\BOOKMARK [3][-]{subsubsection.7.2.3.5}{\376\377\0007\000.\0002\000.\0003\000.\0005\000\040\000i\000d\000P\000r\000o\000v\000i\000d\000e\000r}{subsection.7.2.3}% 48
\BOOKMARK [3][-]{subsubsection.7.2.3.6}{\376\377\0007\000.\0002\000.\0003\000.\0006\000\040\000m\000a\000p\000p\000i\000n\000g}{subsection.7.2.3}% 49
\BOOKMARK [3][-]{subsubsection.7.2.3.7}{\376\377\0007\000.\0002\000.\0003\000.\0007\000\040\000s\000o\000u\000r\000c\000e\000s\000c\000h\000e\000m\000a}{subsection.7.2.3}% 50
\BOOKMARK [3][-]{subsubsection.7.2.3.8}{\376\377\0007\000.\0002\000.\0003\000.\0008\000\040\000t\000a\000r\000g\000e\000t\000s\000c\000h\000e\000m\000a}{subsection.7.2.3}% 51
\BOOKMARK [1][-]{section.7.3}{\376\377\0007\000.\0003\000\040\000W\000e\000b\000s\000e\000r\000v\000i\000c\000e\000s\000\040\000N\000a\000m\000e\000s\000p\000a\000c\000e\000\040\000R\000e\000f\000e\000r\000e\000n\000c\000e}{chapter.7}% 52
\BOOKMARK [2][-]{subsection.7.3.1}{\376\377\0007\000.\0003\000.\0001\000\040\000D\000e\000t\000a\000i\000l\000e\000d\000\040\000D\000e\000s\000c\000r\000i\000p\000t\000i\000o\000n}{section.7.3}% 53
\BOOKMARK [2][-]{subsection.7.3.2}{\376\377\0007\000.\0003\000.\0002\000\040\000F\000u\000n\000c\000t\000i\000o\000n\000\040\000D\000o\000c\000u\000m\000e\000n\000t\000a\000t\000i\000o\000n}{section.7.3}% 54
\BOOKMARK [3][-]{subsubsection.7.3.2.1}{\376\377\0007\000.\0003\000.\0002\000.\0001\000\040\000g\000e\000t\000C\000i\000t\000a\000t\000i\000o\000n\000s\000\050\000i\000d\000D\000S\000A\000\051}{subsection.7.3.2}% 55
\BOOKMARK [3][-]{subsubsection.7.3.2.2}{\376\377\0007\000.\0003\000.\0002\000.\0002\000\040\000g\000e\000t\000D\000a\000t\000a\000S\000o\000u\000r\000c\000e\000s\000\050\000i\000d\000P\000r\000o\000v\000i\000d\000e\000r\000\051}{subsection.7.3.2}% 56
\BOOKMARK [3][-]{subsubsection.7.3.2.3}{\376\377\0007\000.\0003\000.\0002\000.\0003\000\040\000g\000e\000t\000L\000a\000n\000d\000i\000n\000g\000p\000a\000g\000e\000s\000\050\000p\000r\000o\000v\000i\000d\000e\000r\000,\000\040\000d\000s\000a\000,\000\040\000f\000i\000l\000t\000e\000r\000,\000\040\000i\000n\000s\000t\000,\000\040\000c\000o\000l\000,\000\040\000c\000a\000t\000\051}{subsection.7.3.2}% 57
\BOOKMARK [3][-]{subsubsection.7.3.2.4}{\376\377\0007\000.\0003\000.\0002\000.\0004\000\040\000g\000e\000t\000P\000r\000o\000v\000i\000d\000e\000r\000I\000n\000f\000o\000\050\000i\000d\000P\000r\000o\000v\000i\000d\000e\000r\000\051}{subsection.7.3.2}% 58
\BOOKMARK [3][-]{subsubsection.7.3.2.5}{\376\377\0007\000.\0003\000.\0002\000.\0005\000\040\000g\000e\000t\000P\000r\000o\000v\000i\000d\000e\000r\000s\000\050\000i\000d\000,\000\040\000n\000a\000m\000e\000\051}{subsection.7.3.2}% 59
\BOOKMARK [3][-]{subsubsection.7.3.2.6}{\376\377\0007\000.\0003\000.\0002\000.\0006\000\040\000g\000e\000t\000T\000o\000t\000a\000l\000R\000e\000c\000o\000r\000d\000s\000\050\000i\000d\000D\000S\000A\000\051}{subsection.7.3.2}% 60
\BOOKMARK [3][-]{subsubsection.7.3.2.7}{\376\377\0007\000.\0003\000.\0002\000.\0007\000\040\000g\000e\000t\000U\000s\000e\000f\000u\000l\000L\000i\000n\000k\000s\000\050\000i\000d\000D\000S\000A\000,\000\040\000i\000d\000P\000r\000o\000v\000i\000d\000e\000r\000\051}{subsection.7.3.2}% 61
\BOOKMARK [3][-]{subsubsection.7.3.2.8}{\376\377\0007\000.\0003\000.\0002\000.\0008\000\040\000g\000e\000t\000X\000m\000l\000A\000r\000c\000h\000i\000v\000e\000s\000\050\000i\000d\000P\000r\000o\000v\000i\000d\000e\000r\000,\000\040\000i\000d\000D\000S\000A\000\051}{subsection.7.3.2}% 62
\BOOKMARK [0][-]{chapter.8}{\376\377\0008\000\040\000D\000a\000t\000a\000\040\000S\000t\000r\000u\000c\000t\000u\000r\000e\000\040\000D\000o\000c\000u\000m\000e\000n\000t\000a\000t\000i\000o\000n}{}% 63
\BOOKMARK [1][-]{section.8.1}{\376\377\0008\000.\0001\000\040\000B\000m\000s\000\040\000C\000l\000a\000s\000s\000\040\000R\000e\000f\000e\000r\000e\000n\000c\000e}{chapter.8}% 64
\BOOKMARK [2][-]{subsection.8.1.1}{\376\377\0008\000.\0001\000.\0001\000\040\000D\000e\000t\000a\000i\000l\000e\000d\000\040\000D\000e\000s\000c\000r\000i\000p\000t\000i\000o\000n}{section.8.1}% 65
\BOOKMARK [2][-]{subsection.8.1.2}{\376\377\0008\000.\0001\000.\0002\000\040\000M\000e\000m\000b\000e\000r\000\040\000F\000u\000n\000c\000t\000i\000o\000n\000\040\000D\000o\000c\000u\000m\000e\000n\000t\000a\000t\000i\000o\000n}{section.8.1}% 66
\BOOKMARK [3][-]{subsubsection.8.1.2.1}{\376\377\0008\000.\0001\000.\0002\000.\0001\000\040\000f\000r\000o\000n\000t\000C\000o\000n\000t\000r\000o\000l\000l\000e\000r\000\050\000r\000o\000u\000t\000e\000\051}{subsection.8.1.2}% 67
\BOOKMARK [3][-]{subsubsection.8.1.2.2}{\376\377\0008\000.\0001\000.\0002\000.\0002\000\040\000g\000e\000t\000C\000i\000t\000a\000t\000i\000o\000n\000\050\000p\000r\000o\000v\000i\000d\000e\000r\000I\000d\000,\000\040\000u\000r\000l\000,\000\040\000f\000i\000l\000t\000e\000r\000,\000\040\000c\000a\000c\000h\000e\000d\000=\0001\000,\000\040\000c\000o\000n\000c\000e\000p\000t\000=\000"\000/\000D\000a\000t\000a\000S\000e\000t\000s\000/\000D\000a\000t\000a\000S\000e\000t\000/\000M\000e\000t\000a\000d\000a\000t\000a\000/\000I\000P\000R\000S\000t\000a\000t\000e\000m\000e\000n\000t\000s\000/\000C\000i\000t\000a\000t\000i\000o\000n\000s\000/\000C\000i\000t\000a\000t\000i\000o\000n\000/\000T\000e\000x\000t\000"\000\051}{subsection.8.1.2}% 68
\BOOKMARK [3][-]{subsubsection.8.1.2.3}{\376\377\0008\000.\0001\000.\0002\000.\0003\000\040\000g\000e\000t\000C\000o\000n\000c\000e\000p\000t\000s\000\050\000i\000d\000P\000r\000o\000v\000i\000d\000e\000r\000\051}{subsection.8.1.2}% 69
\BOOKMARK [3][-]{subsubsection.8.1.2.4}{\376\377\0008\000.\0001\000.\0002\000.\0004\000\040\000g\000e\000t\000C\000o\000u\000n\000t\000C\000o\000n\000c\000e\000p\000t\000s\000\050\000p\000r\000o\000v\000i\000d\000e\000r\000I\000d\000,\000\040\000s\000c\000h\000e\000m\000a\000,\000\040\000u\000r\000l\000,\000\040\000c\000o\000n\000c\000e\000p\000t\000,\000\040\000s\000p\000e\000c\000i\000f\000i\000e\000r\000,\000\040\000f\000i\000l\000t\000e\000r\000,\000\040\000n\000o\000c\000a\000c\000h\000e\000\051}{subsection.8.1.2}% 70
\BOOKMARK [3][-]{subsubsection.8.1.2.5}{\376\377\0008\000.\0001\000.\0002\000.\0005\000\040\000g\000e\000t\000C\000u\000r\000r\000e\000n\000t\000R\000e\000c\000o\000r\000d\000s\000\050\000p\000r\000o\000v\000i\000d\000e\000r\000I\000d\000,\000\040\000s\000c\000h\000e\000m\000a\000,\000\040\000u\000r\000l\000,\000\040\000f\000i\000l\000t\000e\000r\000,\000\040\000n\000o\000c\000a\000c\000h\000e\000\051}{subsection.8.1.2}% 71
\BOOKMARK [3][-]{subsubsection.8.1.2.6}{\376\377\0008\000.\0001\000.\0002\000.\0006\000\040\000g\000e\000t\000M\000e\000s\000s\000a\000g\000e\000s\000\050\000\051}{subsection.8.1.2}% 72
\BOOKMARK [3][-]{subsubsection.8.1.2.7}{\376\377\0008\000.\0001\000.\0002\000.\0007\000\040\000g\000e\000t\000P\000r\000o\000v\000i\000d\000e\000r\000M\000a\000i\000n\000D\000a\000t\000a\000\050\000i\000d\000P\000r\000o\000v\000i\000d\000e\000r\000\051}{subsection.8.1.2}% 73
\BOOKMARK [3][-]{subsubsection.8.1.2.8}{\376\377\0008\000.\0001\000.\0002\000.\0008\000\040\000g\000e\000t\000P\000r\000o\000v\000i\000d\000e\000r\000s\000\050\000\051}{subsection.8.1.2}% 74
\BOOKMARK [3][-]{subsubsection.8.1.2.9}{\376\377\0008\000.\0001\000.\0002\000.\0009\000\040\000g\000e\000t\000S\000c\000h\000e\000m\000a\000\050\000s\000c\000h\000e\000m\000a\000\051}{subsection.8.1.2}% 75
\BOOKMARK [2][-]{subsection.8.1.3}{\376\377\0008\000.\0001\000.\0003\000\040\000F\000i\000e\000l\000d\000\040\000D\000o\000c\000u\000m\000e\000n\000t\000a\000t\000i\000o\000n}{section.8.1}% 76
\BOOKMARK [3][-]{subsubsection.8.1.3.1}{\376\377\0008\000.\0001\000.\0003\000.\0001\000\040\000c\000u\000s\000t\000o\000m\000l\000a\000y\000o\000u\000t}{subsection.8.1.3}% 77
\BOOKMARK [3][-]{subsubsection.8.1.3.2}{\376\377\0008\000.\0001\000.\0003\000.\0002\000\040\000d\000e\000b\000u\000g\000m\000o\000d\000e}{subsection.8.1.3}% 78
\BOOKMARK [3][-]{subsubsection.8.1.3.3}{\376\377\0008\000.\0001\000.\0003\000.\0003\000\040\000m\000e\000s\000s\000a\000g\000e}{subsection.8.1.3}% 79
\BOOKMARK [0][-]{chapter.9}{\376\377\0009\000\040\000F\000i\000l\000e\000\040\000D\000o\000c\000u\000m\000e\000n\000t\000a\000t\000i\000o\000n}{}% 80
\BOOKMARK [1][-]{section.9.1}{\376\377\0009\000.\0001\000\040\000a\000d\000m\000i\000n\000/\000a\000d\000d\000A\000r\000c\000h\000i\000v\000e\000.\000p\000h\000p\000\040\000F\000i\000l\000e\000\040\000R\000e\000f\000e\000r\000e\000n\000c\000e}{chapter.9}% 81
\BOOKMARK [2][-]{subsection.9.1.1}{\376\377\0009\000.\0001\000.\0001\000\040\000D\000e\000t\000a\000i\000l\000e\000d\000\040\000D\000e\000s\000c\000r\000i\000p\000t\000i\000o\000n}{section.9.1}% 82
\BOOKMARK [1][-]{section.9.2}{\376\377\0009\000.\0002\000\040\000a\000d\000m\000i\000n\000/\000a\000d\000d\000C\000o\000u\000n\000t\000.\000p\000h\000p\000\040\000F\000i\000l\000e\000\040\000R\000e\000f\000e\000r\000e\000n\000c\000e}{chapter.9}% 83
\BOOKMARK [2][-]{subsection.9.2.1}{\376\377\0009\000.\0002\000.\0001\000\040\000D\000e\000t\000a\000i\000l\000e\000d\000\040\000D\000e\000s\000c\000r\000i\000p\000t\000i\000o\000n}{section.9.2}% 84
\BOOKMARK [1][-]{section.9.3}{\376\377\0009\000.\0003\000\040\000a\000d\000m\000i\000n\000/\000a\000d\000d\000D\000S\000A\000.\000p\000h\000p\000\040\000F\000i\000l\000e\000\040\000R\000e\000f\000e\000r\000e\000n\000c\000e}{chapter.9}% 85
\BOOKMARK [2][-]{subsection.9.3.1}{\376\377\0009\000.\0003\000.\0001\000\040\000D\000e\000t\000a\000i\000l\000e\000d\000\040\000D\000e\000s\000c\000r\000i\000p\000t\000i\000o\000n}{section.9.3}% 86
\BOOKMARK [1][-]{section.9.4}{\376\377\0009\000.\0004\000\040\000a\000d\000m\000i\000n\000/\000a\000d\000d\000U\000s\000e\000f\000u\000l\000L\000i\000n\000k\000.\000p\000h\000p\000\040\000F\000i\000l\000e\000\040\000R\000e\000f\000e\000r\000e\000n\000c\000e}{chapter.9}% 87
\BOOKMARK [2][-]{subsection.9.4.1}{\376\377\0009\000.\0004\000.\0001\000\040\000D\000e\000t\000a\000i\000l\000e\000d\000\040\000D\000e\000s\000c\000r\000i\000p\000t\000i\000o\000n}{section.9.4}% 88
\BOOKMARK [1][-]{section.9.5}{\376\377\0009\000.\0005\000\040\000a\000d\000m\000i\000n\000/\000g\000e\000t\000A\000l\000l\000C\000o\000u\000n\000t\000C\000o\000n\000c\000e\000p\000t\000s\000.\000p\000h\000p\000\040\000F\000i\000l\000e\000\040\000R\000e\000f\000e\000r\000e\000n\000c\000e}{chapter.9}% 89
\BOOKMARK [2][-]{subsection.9.5.1}{\376\377\0009\000.\0005\000.\0001\000\040\000D\000e\000t\000a\000i\000l\000e\000d\000\040\000D\000e\000s\000c\000r\000i\000p\000t\000i\000o\000n}{section.9.5}% 90
\BOOKMARK [1][-]{section.9.6}{\376\377\0009\000.\0006\000\040\000a\000d\000m\000i\000n\000/\000g\000e\000t\000C\000o\000u\000n\000t\000C\000o\000n\000c\000e\000p\000t\000s\000.\000p\000h\000p\000\040\000F\000i\000l\000e\000\040\000R\000e\000f\000e\000r\000e\000n\000c\000e}{chapter.9}% 91
\BOOKMARK [2][-]{subsection.9.6.1}{\376\377\0009\000.\0006\000.\0001\000\040\000D\000e\000t\000a\000i\000l\000e\000d\000\040\000D\000e\000s\000c\000r\000i\000p\000t\000i\000o\000n}{section.9.6}% 92
\BOOKMARK [1][-]{section.9.7}{\376\377\0009\000.\0007\000\040\000a\000d\000m\000i\000n\000/\000g\000e\000t\000D\000a\000t\000a\000S\000e\000t\000T\000i\000t\000l\000e\000s\000.\000p\000h\000p\000\040\000F\000i\000l\000e\000\040\000R\000e\000f\000e\000r\000e\000n\000c\000e}{chapter.9}% 93
\BOOKMARK [2][-]{subsection.9.7.1}{\376\377\0009\000.\0007\000.\0001\000\040\000D\000e\000t\000a\000i\000l\000e\000d\000\040\000D\000e\000s\000c\000r\000i\000p\000t\000i\000o\000n}{section.9.7}% 94
\BOOKMARK [1][-]{section.9.8}{\376\377\0009\000.\0008\000\040\000a\000d\000m\000i\000n\000/\000g\000e\000t\000D\000a\000t\000a\000S\000o\000u\000r\000c\000e\000s\000.\000p\000h\000p\000\040\000F\000i\000l\000e\000\040\000R\000e\000f\000e\000r\000e\000n\000c\000e}{chapter.9}% 95
\BOOKMARK [2][-]{subsection.9.8.1}{\376\377\0009\000.\0008\000.\0001\000\040\000D\000e\000t\000a\000i\000l\000e\000d\000\040\000D\000e\000s\000c\000r\000i\000p\000t\000i\000o\000n}{section.9.8}% 96
\BOOKMARK [1][-]{section.9.9}{\376\377\0009\000.\0009\000\040\000a\000d\000m\000i\000n\000/\000g\000e\000t\000D\000a\000t\000a\000s\000o\000u\000r\000c\000e\000S\000c\000h\000e\000m\000a\000.\000p\000h\000p\000\040\000F\000i\000l\000e\000\040\000R\000e\000f\000e\000r\000e\000n\000c\000e}{chapter.9}% 97
\BOOKMARK [2][-]{subsection.9.9.1}{\376\377\0009\000.\0009\000.\0001\000\040\000D\000e\000t\000a\000i\000l\000e\000d\000\040\000D\000e\000s\000c\000r\000i\000p\000t\000i\000o\000n}{section.9.9}% 98
\BOOKMARK [1][-]{section.9.10}{\376\377\0009\000.\0001\0000\000\040\000a\000d\000m\000i\000n\000/\000g\000e\000t\000L\000i\000n\000k\000C\000a\000t\000e\000g\000o\000r\000i\000e\000s\000.\000p\000h\000p\000\040\000F\000i\000l\000e\000\040\000R\000e\000f\000e\000r\000e\000n\000c\000e}{chapter.9}% 99
\BOOKMARK [2][-]{subsection.9.10.1}{\376\377\0009\000.\0001\0000\000.\0001\000\040\000D\000e\000t\000a\000i\000l\000e\000d\000\040\000D\000e\000s\000c\000r\000i\000p\000t\000i\000o\000n}{section.9.10}% 100
\BOOKMARK [1][-]{section.9.11}{\376\377\0009\000.\0001\0001\000\040\000a\000d\000m\000i\000n\000/\000g\000e\000t\000P\000r\000o\000v\000i\000d\000e\000r\000M\000a\000i\000n\000D\000a\000t\000a\000.\000p\000h\000p\000\040\000F\000i\000l\000e\000\040\000R\000e\000f\000e\000r\000e\000n\000c\000e}{chapter.9}% 101
\BOOKMARK [2][-]{subsection.9.11.1}{\376\377\0009\000.\0001\0001\000.\0001\000\040\000D\000e\000t\000a\000i\000l\000e\000d\000\040\000D\000e\000s\000c\000r\000i\000p\000t\000i\000o\000n}{section.9.11}% 102
\BOOKMARK [1][-]{section.9.12}{\376\377\0009\000.\0001\0002\000\040\000a\000d\000m\000i\000n\000/\000i\000n\000d\000e\000x\000.\000p\000h\000p\000\040\000F\000i\000l\000e\000\040\000R\000e\000f\000e\000r\000e\000n\000c\000e}{chapter.9}% 103
\BOOKMARK [2][-]{subsection.9.12.1}{\376\377\0009\000.\0001\0002\000.\0001\000\040\000D\000e\000t\000a\000i\000l\000e\000d\000\040\000D\000e\000s\000c\000r\000i\000p\000t\000i\000o\000n}{section.9.12}% 104
\BOOKMARK [1][-]{section.9.13}{\376\377\0009\000.\0001\0003\000\040\000c\000o\000n\000s\000i\000s\000t\000e\000n\000c\000y\000/\000i\000n\000d\000e\000x\000.\000p\000h\000p\000\040\000F\000i\000l\000e\000\040\000R\000e\000f\000e\000r\000e\000n\000c\000e}{chapter.9}% 105
\BOOKMARK [2][-]{subsection.9.13.1}{\376\377\0009\000.\0001\0003\000.\0001\000\040\000D\000e\000t\000a\000i\000l\000e\000d\000\040\000D\000e\000s\000c\000r\000i\000p\000t\000i\000o\000n}{section.9.13}% 106
\BOOKMARK [1][-]{section.9.14}{\376\377\0009\000.\0001\0004\000\040\000i\000n\000d\000e\000x\000.\000p\000h\000p\000\040\000F\000i\000l\000e\000\040\000R\000e\000f\000e\000r\000e\000n\000c\000e}{chapter.9}% 107
\BOOKMARK [2][-]{subsection.9.14.1}{\376\377\0009\000.\0001\0004\000.\0001\000\040\000D\000e\000t\000a\000i\000l\000e\000d\000\040\000D\000e\000s\000c\000r\000i\000p\000t\000i\000o\000n}{section.9.14}% 108
\BOOKMARK [1][-]{section.9.15}{\376\377\0009\000.\0001\0005\000\040\000s\000e\000r\000v\000i\000c\000e\000s\000/\000c\000a\000p\000a\000b\000i\000l\000i\000t\000i\000e\000s\000/\000i\000n\000d\000e\000x\000.\000p\000h\000p\000\040\000F\000i\000l\000e\000\040\000R\000e\000f\000e\000r\000e\000n\000c\000e}{chapter.9}% 109
\BOOKMARK [2][-]{subsection.9.15.1}{\376\377\0009\000.\0001\0005\000.\0001\000\040\000D\000e\000t\000a\000i\000l\000e\000d\000\040\000D\000e\000s\000c\000r\000i\000p\000t\000i\000o\000n}{section.9.15}% 110
\BOOKMARK [1][-]{section.9.16}{\376\377\0009\000.\0001\0006\000\040\000s\000e\000r\000v\000i\000c\000e\000s\000/\000c\000i\000t\000a\000t\000i\000o\000n\000s\000/\000i\000n\000d\000e\000x\000.\000p\000h\000p\000\040\000F\000i\000l\000e\000\040\000R\000e\000f\000e\000r\000e\000n\000c\000e}{chapter.9}% 111
\BOOKMARK [2][-]{subsection.9.16.1}{\376\377\0009\000.\0001\0006\000.\0001\000\040\000D\000e\000t\000a\000i\000l\000e\000d\000\040\000D\000e\000s\000c\000r\000i\000p\000t\000i\000o\000n}{section.9.16}% 112
\BOOKMARK [1][-]{section.9.17}{\376\377\0009\000.\0001\0007\000\040\000s\000e\000r\000v\000i\000c\000e\000s\000/\000d\000a\000t\000a\000-\000s\000o\000u\000r\000c\000e\000s\000/\000i\000n\000d\000e\000x\000.\000p\000h\000p\000\040\000F\000i\000l\000e\000\040\000R\000e\000f\000e\000r\000e\000n\000c\000e}{chapter.9}% 113
\BOOKMARK [2][-]{subsection.9.17.1}{\376\377\0009\000.\0001\0007\000.\0001\000\040\000D\000e\000t\000a\000i\000l\000e\000d\000\040\000D\000e\000s\000c\000r\000i\000p\000t\000i\000o\000n}{section.9.17}% 114
\BOOKMARK [1][-]{section.9.18}{\376\377\0009\000.\0001\0008\000\040\000s\000e\000r\000v\000i\000c\000e\000s\000/\000i\000n\000d\000e\000x\000.\000p\000h\000p\000\040\000F\000i\000l\000e\000\040\000R\000e\000f\000e\000r\000e\000n\000c\000e}{chapter.9}% 115
\BOOKMARK [2][-]{subsection.9.18.1}{\376\377\0009\000.\0001\0008\000.\0001\000\040\000D\000e\000t\000a\000i\000l\000e\000d\000\040\000D\000e\000s\000c\000r\000i\000p\000t\000i\000o\000n}{section.9.18}% 116
\BOOKMARK [2][-]{subsection.9.18.2}{\376\377\0009\000.\0001\0008\000.\0002\000\040\000L\000I\000C\000E\000N\000S\000E}{section.9.18}% 117
\BOOKMARK [1][-]{section.9.19}{\376\377\0009\000.\0001\0009\000\040\000s\000e\000r\000v\000i\000c\000e\000s\000/\000l\000a\000n\000d\000i\000n\000g\000p\000a\000g\000e\000s\000/\000i\000n\000d\000e\000x\000.\000p\000h\000p\000\040\000F\000i\000l\000e\000\040\000R\000e\000f\000e\000r\000e\000n\000c\000e}{chapter.9}% 118
\BOOKMARK [2][-]{subsection.9.19.1}{\376\377\0009\000.\0001\0009\000.\0001\000\040\000D\000e\000t\000a\000i\000l\000e\000d\000\040\000D\000e\000s\000c\000r\000i\000p\000t\000i\000o\000n}{section.9.19}% 119
\BOOKMARK [1][-]{section.9.20}{\376\377\0009\000.\0002\0000\000\040\000s\000e\000r\000v\000i\000c\000e\000s\000/\000p\000r\000o\000v\000i\000d\000e\000r\000s\000/\000a\000d\000d\000/\000i\000n\000d\000e\000x\000.\000p\000h\000p\000\040\000F\000i\000l\000e\000\040\000R\000e\000f\000e\000r\000e\000n\000c\000e}{chapter.9}% 120
\BOOKMARK [2][-]{subsection.9.20.1}{\376\377\0009\000.\0002\0000\000.\0001\000\040\000D\000e\000t\000a\000i\000l\000e\000d\000\040\000D\000e\000s\000c\000r\000i\000p\000t\000i\000o\000n}{section.9.20}% 121
\BOOKMARK [1][-]{section.9.21}{\376\377\0009\000.\0002\0001\000\040\000s\000e\000r\000v\000i\000c\000e\000s\000/\000p\000r\000o\000v\000i\000d\000e\000r\000s\000/\000i\000n\000d\000e\000x\000.\000p\000h\000p\000\040\000F\000i\000l\000e\000\040\000R\000e\000f\000e\000r\000e\000n\000c\000e}{chapter.9}% 122
\BOOKMARK [2][-]{subsection.9.21.1}{\376\377\0009\000.\0002\0001\000.\0001\000\040\000D\000e\000t\000a\000i\000l\000e\000d\000\040\000D\000e\000s\000c\000r\000i\000p\000t\000i\000o\000n}{section.9.21}% 123
\BOOKMARK [1][-]{section.9.22}{\376\377\0009\000.\0002\0002\000\040\000s\000e\000r\000v\000i\000c\000e\000s\000/\000t\000o\000t\000a\000l\000-\000r\000e\000c\000o\000r\000d\000s\000/\000i\000n\000d\000e\000x\000.\000p\000h\000p\000\040\000F\000i\000l\000e\000\040\000R\000e\000f\000e\000r\000e\000n\000c\000e}{chapter.9}% 124
\BOOKMARK [2][-]{subsection.9.22.1}{\376\377\0009\000.\0002\0002\000.\0001\000\040\000D\000e\000t\000a\000i\000l\000e\000d\000\040\000D\000e\000s\000c\000r\000i\000p\000t\000i\000o\000n}{section.9.22}% 125
\BOOKMARK [1][-]{section.9.23}{\376\377\0009\000.\0002\0003\000\040\000s\000e\000r\000v\000i\000c\000e\000s\000/\000u\000s\000e\000f\000u\000l\000-\000l\000i\000n\000k\000s\000/\000i\000n\000d\000e\000x\000.\000p\000h\000p\000\040\000F\000i\000l\000e\000\040\000R\000e\000f\000e\000r\000e\000n\000c\000e}{chapter.9}% 126
\BOOKMARK [2][-]{subsection.9.23.1}{\376\377\0009\000.\0002\0003\000.\0001\000\040\000D\000e\000t\000a\000i\000l\000e\000d\000\040\000D\000e\000s\000c\000r\000i\000p\000t\000i\000o\000n}{section.9.23}% 127
\BOOKMARK [1][-]{section.9.24}{\376\377\0009\000.\0002\0004\000\040\000s\000e\000r\000v\000i\000c\000e\000s\000/\000x\000m\000l\000-\000a\000r\000c\000h\000i\000v\000e\000s\000/\000i\000n\000d\000e\000x\000.\000p\000h\000p\000\040\000F\000i\000l\000e\000\040\000R\000e\000f\000e\000r\000e\000n\000c\000e}{chapter.9}% 128
\BOOKMARK [2][-]{subsection.9.24.1}{\376\377\0009\000.\0002\0004\000.\0001\000\040\000D\000e\000t\000a\000i\000l\000e\000d\000\040\000D\000e\000s\000c\000r\000i\000p\000t\000i\000o\000n}{section.9.24}% 129
\BOOKMARK [2][-]{subsection.9.24.2}{\376\377\0009\000.\0002\0004\000.\0002\000\040\000D\000E\000S\000C\000R\000I\000P\000T\000I\000O\000N}{section.9.24}% 130
\BOOKMARK [1][-]{section.9.25}{\376\377\0009\000.\0002\0005\000\040\000a\000d\000m\000i\000n\000/\000m\000a\000n\000a\000g\000e\000P\000r\000o\000v\000i\000d\000e\000r\000.\000p\000h\000p\000\040\000F\000i\000l\000e\000\040\000R\000e\000f\000e\000r\000e\000n\000c\000e}{chapter.9}% 131
\BOOKMARK [2][-]{subsection.9.25.1}{\376\377\0009\000.\0002\0005\000.\0001\000\040\000D\000e\000t\000a\000i\000l\000e\000d\000\040\000D\000e\000s\000c\000r\000i\000p\000t\000i\000o\000n}{section.9.25}% 132
\BOOKMARK [2][-]{subsection.9.25.2}{\376\377\0009\000.\0002\0005\000.\0002\000\040\000F\000u\000n\000c\000t\000i\000o\000n\000\040\000D\000o\000c\000u\000m\000e\000n\000t\000a\000t\000i\000o\000n}{section.9.25}% 133
\BOOKMARK [3][-]{subsubsection.9.25.2.1}{\376\377\0009\000.\0002\0005\000.\0002\000.\0001\000\040\000b\000i\000n\0002\000c\000r\000u\000d\000\050\000n\000\051}{subsection.9.25.2}% 134
\BOOKMARK [1][-]{section.9.26}{\376\377\0009\000.\0002\0006\000\040\000a\000d\000m\000i\000n\000/\000m\000a\000n\000a\000g\000e\000P\000r\000o\000v\000i\000d\000e\000r\000F\000o\000r\000m\000.\000p\000h\000p\000\040\000F\000i\000l\000e\000\040\000R\000e\000f\000e\000r\000e\000n\000c\000e}{chapter.9}% 135
\BOOKMARK [2][-]{subsection.9.26.1}{\376\377\0009\000.\0002\0006\000.\0001\000\040\000D\000e\000t\000a\000i\000l\000e\000d\000\040\000D\000e\000s\000c\000r\000i\000p\000t\000i\000o\000n}{section.9.26}% 136
\BOOKMARK [1][-]{section.9.27}{\376\377\0009\000.\0002\0007\000\040\000a\000d\000m\000i\000n\000/\000m\000a\000n\000a\000g\000e\000S\000u\000p\000e\000r\000u\000s\000e\000r\000F\000o\000r\000m\000.\000p\000h\000p\000\040\000F\000i\000l\000e\000\040\000R\000e\000f\000e\000r\000e\000n\000c\000e}{chapter.9}% 137
\BOOKMARK [2][-]{subsection.9.27.1}{\376\377\0009\000.\0002\0007\000.\0001\000\040\000D\000e\000t\000a\000i\000l\000e\000d\000\040\000D\000e\000s\000c\000r\000i\000p\000t\000i\000o\000n}{section.9.27}% 138
\BOOKMARK [1][-]{section.9.28}{\376\377\0009\000.\0002\0008\000\040\000a\000d\000m\000i\000n\000/\000m\000a\000n\000a\000g\000e\000U\000s\000e\000r\000.\000p\000h\000p\000\040\000F\000i\000l\000e\000\040\000R\000e\000f\000e\000r\000e\000n\000c\000e}{chapter.9}% 139
\BOOKMARK [2][-]{subsection.9.28.1}{\376\377\0009\000.\0002\0008\000.\0001\000\040\000D\000e\000t\000a\000i\000l\000e\000d\000\040\000D\000e\000s\000c\000r\000i\000p\000t\000i\000o\000n}{section.9.28}% 140
\BOOKMARK [2][-]{subsection.9.28.2}{\376\377\0009\000.\0002\0008\000.\0002\000\040\000F\000u\000n\000c\000t\000i\000o\000n\000\040\000D\000o\000c\000u\000m\000e\000n\000t\000a\000t\000i\000o\000n}{section.9.28}% 141
\BOOKMARK [3][-]{subsubsection.9.28.2.1}{\376\377\0009\000.\0002\0008\000.\0002\000.\0001\000\040\000b\000i\000n\0002\000c\000r\000u\000d\000\050\000n\000\051}{subsection.9.28.2}% 142
\BOOKMARK [1][-]{section.9.29}{\376\377\0009\000.\0002\0009\000\040\000a\000d\000m\000i\000n\000/\000m\000a\000n\000a\000g\000e\000U\000s\000e\000r\000F\000o\000r\000m\000.\000p\000h\000p\000\040\000F\000i\000l\000e\000\040\000R\000e\000f\000e\000r\000e\000n\000c\000e}{chapter.9}% 143
\BOOKMARK [2][-]{subsection.9.29.1}{\376\377\0009\000.\0002\0009\000.\0001\000\040\000D\000e\000t\000a\000i\000l\000e\000d\000\040\000D\000e\000s\000c\000r\000i\000p\000t\000i\000o\000n}{section.9.29}% 144
\BOOKMARK [1][-]{section.9.30}{\376\377\0009\000.\0003\0000\000\040\000a\000d\000m\000i\000n\000/\000n\000a\000v\000b\000a\000r\000.\000p\000h\000p\000\040\000F\000i\000l\000e\000\040\000R\000e\000f\000e\000r\000e\000n\000c\000e}{chapter.9}% 145
\BOOKMARK [2][-]{subsection.9.30.1}{\376\377\0009\000.\0003\0000\000.\0001\000\040\000D\000e\000t\000a\000i\000l\000e\000d\000\040\000D\000e\000s\000c\000r\000i\000p\000t\000i\000o\000n}{section.9.30}% 146
\BOOKMARK [1][-]{section.9.31}{\376\377\0009\000.\0003\0001\000\040\000c\000o\000n\000s\000i\000s\000t\000e\000n\000c\000y\000/\000n\000a\000v\000b\000a\000r\000.\000p\000h\000p\000\040\000F\000i\000l\000e\000\040\000R\000e\000f\000e\000r\000e\000n\000c\000e}{chapter.9}% 147
\BOOKMARK [2][-]{subsection.9.31.1}{\376\377\0009\000.\0003\0001\000.\0001\000\040\000D\000e\000t\000a\000i\000l\000e\000d\000\040\000D\000e\000s\000c\000r\000i\000p\000t\000i\000o\000n}{section.9.31}% 148
\BOOKMARK [1][-]{section.9.32}{\376\377\0009\000.\0003\0002\000\040\000s\000e\000r\000v\000i\000c\000e\000s\000/\000n\000a\000v\000b\000a\000r\000.\000p\000h\000p\000\040\000F\000i\000l\000e\000\040\000R\000e\000f\000e\000r\000e\000n\000c\000e}{chapter.9}% 149
\BOOKMARK [2][-]{subsection.9.32.1}{\376\377\0009\000.\0003\0002\000.\0001\000\040\000D\000e\000t\000a\000i\000l\000e\000d\000\040\000D\000e\000s\000c\000r\000i\000p\000t\000i\000o\000n}{section.9.32}% 150
\BOOKMARK [1][-]{section.9.33}{\376\377\0009\000.\0003\0003\000\040\000a\000d\000m\000i\000n\000/\000r\000e\000m\000o\000v\000e\000A\000r\000c\000h\000i\000v\000e\000.\000p\000h\000p\000\040\000F\000i\000l\000e\000\040\000R\000e\000f\000e\000r\000e\000n\000c\000e}{chapter.9}% 151
\BOOKMARK [2][-]{subsection.9.33.1}{\376\377\0009\000.\0003\0003\000.\0001\000\040\000D\000e\000t\000a\000i\000l\000e\000d\000\040\000D\000e\000s\000c\000r\000i\000p\000t\000i\000o\000n}{section.9.33}% 152
\BOOKMARK [1][-]{section.9.34}{\376\377\0009\000.\0003\0004\000\040\000a\000d\000m\000i\000n\000/\000r\000e\000m\000o\000v\000e\000C\000o\000u\000n\000t\000.\000p\000h\000p\000\040\000F\000i\000l\000e\000\040\000R\000e\000f\000e\000r\000e\000n\000c\000e}{chapter.9}% 153
\BOOKMARK [2][-]{subsection.9.34.1}{\376\377\0009\000.\0003\0004\000.\0001\000\040\000D\000e\000t\000a\000i\000l\000e\000d\000\040\000D\000e\000s\000c\000r\000i\000p\000t\000i\000o\000n}{section.9.34}% 154
\BOOKMARK [1][-]{section.9.35}{\376\377\0009\000.\0003\0005\000\040\000a\000d\000m\000i\000n\000/\000r\000e\000m\000o\000v\000e\000D\000S\000A\000.\000p\000h\000p\000\040\000F\000i\000l\000e\000\040\000R\000e\000f\000e\000r\000e\000n\000c\000e}{chapter.9}% 155
\BOOKMARK [2][-]{subsection.9.35.1}{\376\377\0009\000.\0003\0005\000.\0001\000\040\000D\000e\000t\000a\000i\000l\000e\000d\000\040\000D\000e\000s\000c\000r\000i\000p\000t\000i\000o\000n}{section.9.35}% 156
\BOOKMARK [1][-]{section.9.36}{\376\377\0009\000.\0003\0006\000\040\000a\000d\000m\000i\000n\000/\000r\000e\000m\000o\000v\000e\000U\000s\000e\000f\000u\000l\000L\000i\000n\000k\000.\000p\000h\000p\000\040\000F\000i\000l\000e\000\040\000R\000e\000f\000e\000r\000e\000n\000c\000e}{chapter.9}% 157
\BOOKMARK [2][-]{subsection.9.36.1}{\376\377\0009\000.\0003\0006\000.\0001\000\040\000D\000e\000t\000a\000i\000l\000e\000d\000\040\000D\000e\000s\000c\000r\000i\000p\000t\000i\000o\000n}{section.9.36}% 158
\BOOKMARK [1][-]{section.9.37}{\376\377\0009\000.\0003\0007\000\040\000a\000d\000m\000i\000n\000/\000s\000o\000r\000t\000A\000r\000c\000h\000i\000v\000e\000s\000.\000p\000h\000p\000\040\000F\000i\000l\000e\000\040\000R\000e\000f\000e\000r\000e\000n\000c\000e}{chapter.9}% 159
\BOOKMARK [2][-]{subsection.9.37.1}{\376\377\0009\000.\0003\0007\000.\0001\000\040\000D\000e\000t\000a\000i\000l\000e\000d\000\040\000D\000e\000s\000c\000r\000i\000p\000t\000i\000o\000n}{section.9.37}% 160
\BOOKMARK [1][-]{section.9.38}{\376\377\0009\000.\0003\0008\000\040\000a\000d\000m\000i\000n\000/\000s\000o\000r\000t\000C\000o\000u\000n\000t\000C\000o\000n\000c\000e\000p\000t\000s\000.\000p\000h\000p\000\040\000F\000i\000l\000e\000\040\000R\000e\000f\000e\000r\000e\000n\000c\000e}{chapter.9}% 161
\BOOKMARK [2][-]{subsection.9.38.1}{\376\377\0009\000.\0003\0008\000.\0001\000\040\000D\000e\000t\000a\000i\000l\000e\000d\000\040\000D\000e\000s\000c\000r\000i\000p\000t\000i\000o\000n}{section.9.38}% 162
\BOOKMARK [1][-]{section.9.39}{\376\377\0009\000.\0003\0009\000\040\000a\000d\000m\000i\000n\000/\000s\000o\000r\000t\000U\000s\000e\000f\000u\000l\000L\000i\000n\000k\000s\000.\000p\000h\000p\000\040\000F\000i\000l\000e\000\040\000R\000e\000f\000e\000r\000e\000n\000c\000e}{chapter.9}% 163
\BOOKMARK [2][-]{subsection.9.39.1}{\376\377\0009\000.\0003\0009\000.\0001\000\040\000D\000e\000t\000a\000i\000l\000e\000d\000\040\000D\000e\000s\000c\000r\000i\000p\000t\000i\000o\000n}{section.9.39}% 164
\BOOKMARK [1][-]{section.9.40}{\376\377\0009\000.\0004\0000\000\040\000a\000d\000m\000i\000n\000/\000u\000p\000d\000a\000t\000e\000A\000r\000c\000h\000i\000v\000e\000.\000p\000h\000p\000\040\000F\000i\000l\000e\000\040\000R\000e\000f\000e\000r\000e\000n\000c\000e}{chapter.9}% 165
\BOOKMARK [2][-]{subsection.9.40.1}{\376\377\0009\000.\0004\0000\000.\0001\000\040\000D\000e\000t\000a\000i\000l\000e\000d\000\040\000D\000e\000s\000c\000r\000i\000p\000t\000i\000o\000n}{section.9.40}% 166
\BOOKMARK [1][-]{section.9.41}{\376\377\0009\000.\0004\0001\000\040\000a\000d\000m\000i\000n\000/\000u\000p\000d\000a\000t\000e\000C\000o\000u\000n\000t\000C\000o\000n\000c\000e\000p\000t\000.\000p\000h\000p\000\040\000F\000i\000l\000e\000\040\000R\000e\000f\000e\000r\000e\000n\000c\000e}{chapter.9}% 167
\BOOKMARK [2][-]{subsection.9.41.1}{\376\377\0009\000.\0004\0001\000.\0001\000\040\000D\000e\000t\000a\000i\000l\000e\000d\000\040\000D\000e\000s\000c\000r\000i\000p\000t\000i\000o\000n}{section.9.41}% 168
\BOOKMARK [1][-]{section.9.42}{\376\377\0009\000.\0004\0002\000\040\000a\000d\000m\000i\000n\000/\000u\000p\000d\000a\000t\000e\000D\000S\000A\000.\000p\000h\000p\000\040\000F\000i\000l\000e\000\040\000R\000e\000f\000e\000r\000e\000n\000c\000e}{chapter.9}% 169
\BOOKMARK [2][-]{subsection.9.42.1}{\376\377\0009\000.\0004\0002\000.\0001\000\040\000D\000e\000t\000a\000i\000l\000e\000d\000\040\000D\000e\000s\000c\000r\000i\000p\000t\000i\000o\000n}{section.9.42}% 170
\BOOKMARK [1][-]{section.9.43}{\376\377\0009\000.\0004\0003\000\040\000a\000d\000m\000i\000n\000/\000u\000p\000d\000a\000t\000e\000M\000a\000i\000n\000M\000e\000t\000a\000d\000a\000t\000a\000.\000p\000h\000p\000\040\000F\000i\000l\000e\000\040\000R\000e\000f\000e\000r\000e\000n\000c\000e}{chapter.9}% 171
\BOOKMARK [2][-]{subsection.9.43.1}{\376\377\0009\000.\0004\0003\000.\0001\000\040\000D\000e\000t\000a\000i\000l\000e\000d\000\040\000D\000e\000s\000c\000r\000i\000p\000t\000i\000o\000n}{section.9.43}% 172
\BOOKMARK [1][-]{section.9.44}{\376\377\0009\000.\0004\0004\000\040\000a\000d\000m\000i\000n\000/\000u\000p\000d\000a\000t\000e\000U\000s\000e\000f\000u\000l\000L\000i\000n\000k\000.\000p\000h\000p\000\040\000F\000i\000l\000e\000\040\000R\000e\000f\000e\000r\000e\000n\000c\000e}{chapter.9}% 173
\BOOKMARK [2][-]{subsection.9.44.1}{\376\377\0009\000.\0004\0004\000.\0001\000\040\000D\000e\000t\000a\000i\000l\000e\000d\000\040\000D\000e\000s\000c\000r\000i\000p\000t\000i\000o\000n}{section.9.44}% 174
\BOOKMARK [1][-]{section.9.45}{\376\377\0009\000.\0004\0005\000\040\000c\000o\000n\000f\000i\000g\000/\000c\000o\000n\000f\000i\000g\000.\000s\000a\000m\000p\000l\000e\000.\000p\000h\000p\000\040\000F\000i\000l\000e\000\040\000R\000e\000f\000e\000r\000e\000n\000c\000e}{chapter.9}% 175
\BOOKMARK [2][-]{subsection.9.45.1}{\376\377\0009\000.\0004\0005\000.\0001\000\040\000D\000e\000t\000a\000i\000l\000e\000d\000\040\000D\000e\000s\000c\000r\000i\000p\000t\000i\000o\000n}{section.9.45}% 176
\BOOKMARK [1][-]{section.9.46}{\376\377\0009\000.\0004\0006\000\040\000c\000o\000n\000f\000i\000g\000/\000c\000u\000s\000t\000o\000m\000/\000c\000u\000s\000t\000o\000m\000i\000z\000e\000.\000p\000h\000p\000\040\000F\000i\000l\000e\000\040\000R\000e\000f\000e\000r\000e\000n\000c\000e}{chapter.9}% 177
\BOOKMARK [2][-]{subsection.9.46.1}{\376\377\0009\000.\0004\0006\000.\0001\000\040\000D\000e\000t\000a\000i\000l\000e\000d\000\040\000D\000e\000s\000c\000r\000i\000p\000t\000i\000o\000n}{section.9.46}% 178
\BOOKMARK [1][-]{section.9.47}{\376\377\0009\000.\0004\0007\000\040\000c\000o\000n\000s\000i\000s\000t\000e\000n\000c\000y\000/\000c\000a\000r\000d\000i\000n\000a\000l\000C\000o\000n\000c\000e\000p\000t\000.\000p\000h\000p\000\040\000F\000i\000l\000e\000\040\000R\000e\000f\000e\000r\000e\000n\000c\000e}{chapter.9}% 179
\BOOKMARK [2][-]{subsection.9.47.1}{\376\377\0009\000.\0004\0007\000.\0001\000\040\000D\000e\000t\000a\000i\000l\000e\000d\000\040\000D\000e\000s\000c\000r\000i\000p\000t\000i\000o\000n}{section.9.47}% 180
\BOOKMARK [1][-]{section.9.48}{\376\377\0009\000.\0004\0008\000\040\000c\000o\000n\000s\000i\000s\000t\000e\000n\000c\000y\000/\000c\000h\000e\000c\000k\000F\000o\000r\000E\000r\000r\000o\000r\000s\000.\000p\000h\000p\000\040\000F\000i\000l\000e\000\040\000R\000e\000f\000e\000r\000e\000n\000c\000e}{chapter.9}% 181
\BOOKMARK [2][-]{subsection.9.48.1}{\376\377\0009\000.\0004\0008\000.\0001\000\040\000D\000e\000t\000a\000i\000l\000e\000d\000\040\000D\000e\000s\000c\000r\000i\000p\000t\000i\000o\000n}{section.9.48}% 182
\BOOKMARK [1][-]{section.9.49}{\376\377\0009\000.\0004\0009\000\040\000c\000o\000n\000s\000i\000s\000t\000e\000n\000c\000y\000/\000c\000h\000e\000c\000k\000R\000u\000l\000e\000s\000.\000p\000h\000p\000\040\000F\000i\000l\000e\000\040\000R\000e\000f\000e\000r\000e\000n\000c\000e}{chapter.9}% 183
\BOOKMARK [2][-]{subsection.9.49.1}{\376\377\0009\000.\0004\0009\000.\0001\000\040\000D\000e\000t\000a\000i\000l\000e\000d\000\040\000D\000e\000s\000c\000r\000i\000p\000t\000i\000o\000n}{section.9.49}% 184
\BOOKMARK [1][-]{section.9.50}{\376\377\0009\000.\0005\0000\000\040\000c\000o\000n\000s\000i\000s\000t\000e\000n\000c\000y\000/\000g\000e\000t\000E\000x\000a\000m\000p\000l\000e\000V\000a\000l\000u\000e\000s\000.\000p\000h\000p\000\040\000F\000i\000l\000e\000\040\000R\000e\000f\000e\000r\000e\000n\000c\000e}{chapter.9}% 185
\BOOKMARK [2][-]{subsection.9.50.1}{\376\377\0009\000.\0005\0000\000.\0001\000\040\000D\000e\000t\000a\000i\000l\000e\000d\000\040\000D\000e\000s\000c\000r\000i\000p\000t\000i\000o\000n}{section.9.50}% 186
\BOOKMARK [1][-]{section.9.51}{\376\377\0009\000.\0005\0001\000\040\000c\000o\000n\000s\000i\000s\000t\000e\000n\000c\000y\000/\000g\000e\000t\000S\000c\000h\000e\000m\000a\000M\000a\000p\000p\000i\000n\000g\000s\000.\000p\000h\000p\000\040\000F\000i\000l\000e\000\040\000R\000e\000f\000e\000r\000e\000n\000c\000e}{chapter.9}% 187
\BOOKMARK [2][-]{subsection.9.51.1}{\376\377\0009\000.\0005\0001\000.\0001\000\040\000D\000e\000t\000a\000i\000l\000e\000d\000\040\000D\000e\000s\000c\000r\000i\000p\000t\000i\000o\000n}{section.9.51}% 188
\BOOKMARK [1][-]{section.9.52}{\376\377\0009\000.\0005\0002\000\040\000j\000s\000/\000b\000a\000c\000k\000e\000n\000d\000.\000j\000s\000\040\000F\000i\000l\000e\000\040\000R\000e\000f\000e\000r\000e\000n\000c\000e}{chapter.9}% 189
\BOOKMARK [2][-]{subsection.9.52.1}{\376\377\0009\000.\0005\0002\000.\0001\000\040\000D\000e\000t\000a\000i\000l\000e\000d\000\040\000D\000e\000s\000c\000r\000i\000p\000t\000i\000o\000n}{section.9.52}% 190
\BOOKMARK [2][-]{subsection.9.52.2}{\376\377\0009\000.\0005\0002\000.\0002\000\040\000F\000u\000n\000c\000t\000i\000o\000n\000\040\000D\000o\000c\000u\000m\000e\000n\000t\000a\000t\000i\000o\000n}{section.9.52}% 191
\BOOKMARK [3][-]{subsubsection.9.52.2.1}{\376\377\0009\000.\0005\0002\000.\0002\000.\0001\000\040\000a\000d\000d\000A\000r\000c\000h\000i\000v\000e\000\050\000i\000d\000D\000S\000A\000,\000\040\000i\000d\000P\000r\000o\000v\000i\000d\000e\000r\000\051}{subsection.9.52.2}% 192
\BOOKMARK [3][-]{subsubsection.9.52.2.2}{\376\377\0009\000.\0005\0002\000.\0002\000.\0002\000\040\000a\000d\000d\000C\000o\000u\000n\000t\000\050\000\051}{subsection.9.52.2}% 193
\BOOKMARK [3][-]{subsubsection.9.52.2.3}{\376\377\0009\000.\0005\0002\000.\0002\000.\0003\000\040\000a\000d\000d\000D\000S\000A\000\050\000i\000d\000P\000r\000o\000v\000i\000d\000e\000r\000\051}{subsection.9.52.2}% 194
\BOOKMARK [3][-]{subsubsection.9.52.2.4}{\376\377\0009\000.\0005\0002\000.\0002\000.\0004\000\040\000a\000d\000d\000U\000s\000e\000f\000u\000l\000L\000i\000n\000k\000\050\000i\000d\000D\000S\000A\000,\000\040\000i\000d\000P\000r\000o\000v\000i\000d\000e\000r\000\051}{subsection.9.52.2}% 195
\BOOKMARK [3][-]{subsubsection.9.52.2.5}{\376\377\0009\000.\0005\0002\000.\0002\000.\0005\000\040\000d\000e\000l\000e\000t\000e\000O\000l\000d\000V\000a\000l\000u\000e\000s\000\050\000\051}{subsection.9.52.2}% 196
\BOOKMARK [3][-]{subsubsection.9.52.2.6}{\376\377\0009\000.\0005\0002\000.\0002\000.\0006\000\040\000g\000e\000t\000A\000l\000l\000M\000e\000t\000a\000d\000a\000t\000a\000\050\000i\000d\000P\000r\000o\000v\000i\000d\000e\000r\000\051}{subsection.9.52.2}% 197
\BOOKMARK [3][-]{subsubsection.9.52.2.7}{\376\377\0009\000.\0005\0002\000.\0002\000.\0007\000\040\000g\000e\000t\000A\000r\000c\000h\000i\000v\000e\000s\000\050\000i\000d\000P\000r\000o\000v\000i\000d\000e\000r\000,\000\040\000i\000d\000D\000S\000A\000\051}{subsection.9.52.2}% 198
\BOOKMARK [3][-]{subsubsection.9.52.2.8}{\376\377\0009\000.\0005\0002\000.\0002\000.\0008\000\040\000g\000e\000t\000C\000a\000p\000a\000b\000i\000l\000i\000t\000i\000e\000s\000\050\000p\000r\000o\000v\000i\000d\000e\000r\000,\000\040\000i\000d\000D\000S\000A\000,\000\040\000d\000s\000a\000\051}{subsection.9.52.2}% 199
\BOOKMARK [3][-]{subsubsection.9.52.2.9}{\376\377\0009\000.\0005\0002\000.\0002\000.\0009\000\040\000g\000e\000t\000C\000o\000u\000n\000t\000C\000o\000n\000c\000e\000p\000t\000s\000\050\000i\000d\000P\000r\000o\000v\000i\000d\000e\000r\000\051}{subsection.9.52.2}% 200
\BOOKMARK [3][-]{subsubsection.9.52.2.10}{\376\377\0009\000.\0005\0002\000.\0002\000.\0001\0000\000\040\000g\000e\000t\000D\000a\000t\000a\000S\000e\000t\000T\000i\000t\000l\000e\000s\000\050\000i\000d\000D\000S\000A\000,\000\040\000u\000r\000l\000,\000\040\000d\000a\000t\000a\000s\000e\000t\000\051}{subsection.9.52.2}% 201
\BOOKMARK [3][-]{subsubsection.9.52.2.11}{\376\377\0009\000.\0005\0002\000.\0002\000.\0001\0001\000\040\000g\000e\000t\000D\000a\000t\000a\000S\000o\000u\000r\000c\000e\000A\000c\000c\000e\000s\000s\000P\000o\000i\000n\000t\000s\000\050\000i\000d\000P\000r\000o\000v\000i\000d\000e\000r\000,\000\040\000u\000r\000l\000,\000\040\000i\000d\000D\000S\000A\000,\000\040\000s\000e\000l\000e\000c\000t\000e\000d\000V\000a\000l\000u\000e\000,\000\040\000d\000a\000t\000a\000S\000e\000t\000\051}{subsection.9.52.2}% 202
\BOOKMARK [3][-]{subsubsection.9.52.2.12}{\376\377\0009\000.\0005\0002\000.\0002\000.\0001\0002\000\040\000g\000e\000t\000L\000i\000n\000k\000C\000a\000t\000e\000g\000o\000r\000i\000e\000s\000\050\000\051}{subsection.9.52.2}% 203
\BOOKMARK [3][-]{subsubsection.9.52.2.13}{\376\377\0009\000.\0005\0002\000.\0002\000.\0001\0003\000\040\000g\000e\000t\000P\000r\000o\000v\000i\000d\000e\000r\000s\000\050\000\051}{subsection.9.52.2}% 204
\BOOKMARK [3][-]{subsubsection.9.52.2.14}{\376\377\0009\000.\0005\0002\000.\0002\000.\0001\0004\000\040\000g\000e\000t\000S\000c\000h\000e\000m\000a\000s\000\050\000i\000d\000P\000r\000o\000v\000i\000d\000e\000r\000,\000\040\000i\000d\000D\000S\000A\000,\000\040\000d\000s\000a\000,\000\040\000s\000e\000l\000e\000c\000t\000e\000d\000V\000a\000l\000u\000e\000\051}{subsection.9.52.2}% 205
\BOOKMARK [3][-]{subsubsection.9.52.2.15}{\376\377\0009\000.\0005\0002\000.\0002\000.\0001\0005\000\040\000g\000e\000t\000U\000s\000e\000f\000u\000l\000L\000i\000n\000k\000s\000\050\000i\000d\000P\000r\000o\000v\000i\000d\000e\000r\000,\000\040\000i\000d\000D\000S\000A\000\051}{subsection.9.52.2}% 206
\BOOKMARK [3][-]{subsubsection.9.52.2.16}{\376\377\0009\000.\0005\0002\000.\0002\000.\0001\0006\000\040\000h\000i\000d\000e\000A\000r\000c\000h\000i\000v\000e\000\050\000i\000d\000D\000S\000A\000,\000\040\000i\000d\000,\000\040\000c\000o\000u\000n\000t\000e\000r\000\051}{subsection.9.52.2}% 207
\BOOKMARK [3][-]{subsubsection.9.52.2.17}{\376\377\0009\000.\0005\0002\000.\0002\000.\0001\0007\000\040\000h\000i\000d\000e\000U\000s\000e\000f\000u\000l\000L\000i\000n\000k\000\050\000i\000d\000D\000S\000A\000,\000\040\000i\000d\000\051}{subsection.9.52.2}% 208
\BOOKMARK [3][-]{subsubsection.9.52.2.18}{\376\377\0009\000.\0005\0002\000.\0002\000.\0001\0008\000\040\000r\000e\000m\000o\000v\000e\000A\000r\000c\000h\000i\000v\000e\000\050\000i\000d\000D\000S\000A\000,\000\040\000i\000d\000\051}{subsection.9.52.2}% 209
\BOOKMARK [3][-]{subsubsection.9.52.2.19}{\376\377\0009\000.\0005\0002\000.\0002\000.\0001\0009\000\040\000r\000e\000m\000o\000v\000e\000C\000o\000u\000n\000t\000\050\000i\000d\000\051}{subsection.9.52.2}% 210
\BOOKMARK [3][-]{subsubsection.9.52.2.20}{\376\377\0009\000.\0005\0002\000.\0002\000.\0002\0000\000\040\000r\000e\000m\000o\000v\000e\000D\000S\000A\000\050\000i\000d\000\051}{subsection.9.52.2}% 211
\BOOKMARK [3][-]{subsubsection.9.52.2.21}{\376\377\0009\000.\0005\0002\000.\0002\000.\0002\0001\000\040\000r\000e\000m\000o\000v\000e\000U\000s\000e\000f\000u\000l\000L\000i\000n\000k\000\050\000i\000d\000D\000S\000A\000,\000\040\000i\000d\000\051}{subsection.9.52.2}% 212
\BOOKMARK [3][-]{subsubsection.9.52.2.22}{\376\377\0009\000.\0005\0002\000.\0002\000.\0002\0002\000\040\000s\000a\000v\000e\000A\000r\000c\000h\000i\000v\000e\000\050\000i\000d\000P\000r\000o\000v\000i\000d\000e\000r\000,\000\040\000i\000d\000D\000S\000A\000,\000\040\000i\000d\000\051}{subsection.9.52.2}% 213
\BOOKMARK [3][-]{subsubsection.9.52.2.23}{\376\377\0009\000.\0005\0002\000.\0002\000.\0002\0003\000\040\000s\000a\000v\000e\000C\000o\000u\000n\000t\000\050\000i\000d\000\051}{subsection.9.52.2}% 214
\BOOKMARK [3][-]{subsubsection.9.52.2.24}{\376\377\0009\000.\0005\0002\000.\0002\000.\0002\0004\000\040\000s\000a\000v\000e\000D\000S\000A\000P\000o\000i\000n\000t\000\050\000d\000s\000a\000,\000\040\000r\000e\000l\000o\000a\000d\000\051}{subsection.9.52.2}% 215
\BOOKMARK [3][-]{subsubsection.9.52.2.25}{\376\377\0009\000.\0005\0002\000.\0002\000.\0002\0005\000\040\000s\000a\000v\000e\000M\000a\000i\000n\000M\000e\000t\000a\000d\000a\000t\000a\000\050\000\051}{subsection.9.52.2}% 216
\BOOKMARK [3][-]{subsubsection.9.52.2.26}{\376\377\0009\000.\0005\0002\000.\0002\000.\0002\0006\000\040\000s\000a\000v\000e\000U\000s\000e\000f\000u\000l\000L\000i\000n\000k\000\050\000i\000d\000P\000r\000o\000v\000i\000d\000e\000r\000,\000\040\000i\000d\000D\000S\000A\000,\000\040\000i\000d\000\051}{subsection.9.52.2}% 217
\BOOKMARK [3][-]{subsubsection.9.52.2.27}{\376\377\0009\000.\0005\0002\000.\0002\000.\0002\0007\000\040\000s\000h\000o\000w\000A\000r\000c\000h\000i\000v\000e\000\050\000i\000d\000D\000S\000A\000,\000\040\000i\000d\000\051}{subsection.9.52.2}% 218
\BOOKMARK [3][-]{subsubsection.9.52.2.28}{\376\377\0009\000.\0005\0002\000.\0002\000.\0002\0008\000\040\000s\000h\000o\000w\000U\000s\000e\000f\000u\000l\000L\000i\000n\000k\000\050\000i\000d\000D\000S\000A\000,\000\040\000i\000d\000\051}{subsection.9.52.2}% 219
\BOOKMARK [1][-]{section.9.53}{\376\377\0009\000.\0005\0003\000\040\000j\000s\000/\000c\000o\000n\000s\000i\000s\000t\000e\000n\000c\000y\000.\000j\000s\000\040\000F\000i\000l\000e\000\040\000R\000e\000f\000e\000r\000e\000n\000c\000e}{chapter.9}% 220
\BOOKMARK [2][-]{subsection.9.53.1}{\376\377\0009\000.\0005\0003\000.\0001\000\040\000D\000e\000t\000a\000i\000l\000e\000d\000\040\000D\000e\000s\000c\000r\000i\000p\000t\000i\000o\000n}{section.9.53}% 221
\BOOKMARK [2][-]{subsection.9.53.2}{\376\377\0009\000.\0005\0003\000.\0002\000\040\000F\000u\000n\000c\000t\000i\000o\000n\000\040\000D\000o\000c\000u\000m\000e\000n\000t\000a\000t\000i\000o\000n}{section.9.53}% 222
\BOOKMARK [3][-]{subsubsection.9.53.2.1}{\376\377\0009\000.\0005\0003\000.\0002\000.\0001\000\040\000c\000a\000r\000d\000i\000n\000a\000l\000C\000o\000n\000c\000e\000p\000t\000\050\000i\000d\000P\000r\000o\000v\000i\000d\000e\000r\000,\000\040\000s\000c\000h\000e\000m\000a\000,\000\040\000f\000i\000l\000t\000e\000r\000,\000\040\000c\000o\000n\000c\000e\000p\000t\000,\000\040\000j\000\051}{subsection.9.53.2}% 223
\BOOKMARK [3][-]{subsubsection.9.53.2.2}{\376\377\0009\000.\0005\0003\000.\0002\000.\0002\000\040\000c\000h\000e\000c\000k\000F\000o\000r\000E\000r\000r\000o\000r\000s\000\050\000i\000d\000P\000r\000o\000v\000i\000d\000e\000r\000,\000\040\000f\000i\000l\000t\000e\000r\000,\000\040\000c\000o\000n\000c\000e\000p\000t\000,\000\040\000s\000c\000h\000e\000m\000a\000,\000\040\000m\000a\000p\000p\000i\000n\000g\000,\000\040\000j\000,\000\040\000t\000o\000t\000a\000l\000\051}{subsection.9.53.2}% 224
\BOOKMARK [3][-]{subsubsection.9.53.2.3}{\376\377\0009\000.\0005\0003\000.\0002\000.\0003\000\040\000c\000h\000e\000c\000k\000R\000u\000l\000e\000s\000\050\000i\000d\000P\000r\000o\000v\000i\000d\000e\000r\000,\000\040\000d\000s\000a\000,\000\040\000f\000i\000l\000t\000e\000r\000,\000\040\000m\000a\000p\000p\000i\000n\000g\000\051}{subsection.9.53.2}% 225
\BOOKMARK [3][-]{subsubsection.9.53.2.4}{\376\377\0009\000.\0005\0003\000.\0002\000.\0004\000\040\000e\000x\000t\000r\000a\000c\000t\000E\000x\000a\000m\000p\000l\000e\000V\000a\000l\000u\000e\000s\000\050\000e\000v\000e\000n\000t\000\051}{subsection.9.53.2}% 226
\BOOKMARK [3][-]{subsubsection.9.53.2.5}{\376\377\0009\000.\0005\0003\000.\0002\000.\0005\000\040\000f\000i\000r\000e\000\050\000i\000d\000P\000r\000o\000v\000i\000d\000e\000r\000,\000\040\000d\000s\000a\000,\000\040\000f\000i\000l\000t\000e\000r\000\051}{subsection.9.53.2}% 227
\BOOKMARK [3][-]{subsubsection.9.53.2.6}{\376\377\0009\000.\0005\0003\000.\0002\000.\0006\000\040\000g\000e\000t\000E\000x\000a\000m\000p\000l\000e\000V\000a\000l\000u\000e\000s\000\050\000p\000r\000o\000v\000i\000d\000e\000r\000,\000\040\000s\000c\000h\000e\000m\000a\000,\000\040\000u\000r\000l\000,\000\040\000f\000i\000l\000t\000e\000r\000,\000\040\000c\000o\000n\000c\000e\000p\000t\000,\000\040\000j\000\051}{subsection.9.53.2}% 228
\BOOKMARK [3][-]{subsubsection.9.53.2.7}{\376\377\0009\000.\0005\0003\000.\0002\000.\0007\000\040\000g\000e\000t\000U\000n\000i\000q\000u\000e\000\050\000i\000n\000p\000u\000t\000A\000r\000r\000a\000y\000\051}{subsection.9.53.2}% 229
\BOOKMARK [3][-]{subsubsection.9.53.2.8}{\376\377\0009\000.\0005\0003\000.\0002\000.\0008\000\040\000i\000s\000V\000a\000l\000i\000d\000C\000i\000t\000a\000t\000i\000o\000n\000\050\000s\000t\000r\000\051}{subsection.9.53.2}% 230
\BOOKMARK [3][-]{subsubsection.9.53.2.9}{\376\377\0009\000.\0005\0003\000.\0002\000.\0009\000\040\000m\000a\000t\000c\000h\000R\000u\000l\000e\000\050\000f\000u\000n\000c\000t\000i\000o\000n\000N\000a\000m\000e\000,\000\040\000u\000r\000l\000\051}{subsection.9.53.2}% 231
\BOOKMARK [1][-]{section.9.54}{\376\377\0009\000.\0005\0004\000\040\000j\000s\000/\000c\000u\000s\000t\000o\000m\000.\000j\000s\000\040\000F\000i\000l\000e\000\040\000R\000e\000f\000e\000r\000e\000n\000c\000e}{chapter.9}% 232
\BOOKMARK [2][-]{subsection.9.54.1}{\376\377\0009\000.\0005\0004\000.\0001\000\040\000D\000e\000t\000a\000i\000l\000e\000d\000\040\000D\000e\000s\000c\000r\000i\000p\000t\000i\000o\000n}{section.9.54}% 233
\BOOKMARK [2][-]{subsection.9.54.2}{\376\377\0009\000.\0005\0004\000.\0002\000\040\000V\000a\000r\000i\000a\000b\000l\000e\000\040\000D\000o\000c\000u\000m\000e\000n\000t\000a\000t\000i\000o\000n}{section.9.54}% 234
\BOOKMARK [3][-]{subsubsection.9.54.2.1}{\376\377\0009\000.\0005\0004\000.\0002\000.\0001\000\040\000s\000p\000i\000n\000n\000e\000r}{subsection.9.54.2}% 235
\BOOKMARK [1][-]{section.9.55}{\376\377\0009\000.\0005\0005\000\040\000j\000s\000/\000d\000e\000v\000.\000j\000s\000\040\000F\000i\000l\000e\000\040\000R\000e\000f\000e\000r\000e\000n\000c\000e}{chapter.9}% 236
\BOOKMARK [2][-]{subsection.9.55.1}{\376\377\0009\000.\0005\0005\000.\0001\000\040\000D\000e\000t\000a\000i\000l\000e\000d\000\040\000D\000e\000s\000c\000r\000i\000p\000t\000i\000o\000n}{section.9.55}% 237
\BOOKMARK [2][-]{subsection.9.55.2}{\376\377\0009\000.\0005\0005\000.\0002\000\040\000V\000a\000r\000i\000a\000b\000l\000e\000\040\000D\000o\000c\000u\000m\000e\000n\000t\000a\000t\000i\000o\000n}{section.9.55}% 238
\BOOKMARK [3][-]{subsubsection.9.55.2.1}{\376\377\0009\000.\0005\0005\000.\0002\000.\0001\000\040\000d\000e\000b\000u\000g\000m\000o\000d\000e}{subsection.9.55.2}% 239
\BOOKMARK [3][-]{subsubsection.9.55.2.2}{\376\377\0009\000.\0005\0005\000.\0002\000.\0002\000\040\000v\000e\000r\000b\000o\000s\000e}{subsection.9.55.2}% 240
\BOOKMARK [1][-]{section.9.56}{\376\377\0009\000.\0005\0006\000\040\000j\000s\000/\000f\000r\000o\000n\000t\000e\000n\000d\000.\000j\000s\000\040\000F\000i\000l\000e\000\040\000R\000e\000f\000e\000r\000e\000n\000c\000e}{chapter.9}% 241
\BOOKMARK [2][-]{subsection.9.56.1}{\376\377\0009\000.\0005\0006\000.\0001\000\040\000D\000e\000t\000a\000i\000l\000e\000d\000\040\000D\000e\000s\000c\000r\000i\000p\000t\000i\000o\000n}{section.9.56}% 242
\BOOKMARK [2][-]{subsection.9.56.2}{\376\377\0009\000.\0005\0006\000.\0002\000\040\000F\000u\000n\000c\000t\000i\000o\000n\000\040\000D\000o\000c\000u\000m\000e\000n\000t\000a\000t\000i\000o\000n}{section.9.56}% 243
\BOOKMARK [3][-]{subsubsection.9.56.2.1}{\376\377\0009\000.\0005\0006\000.\0002\000.\0001\000\040\000b\000u\000i\000l\000d\000U\000I\000\050\000d\000a\000t\000a\000\051}{subsection.9.56.2}% 244
\BOOKMARK [3][-]{subsubsection.9.56.2.2}{\376\377\0009\000.\0005\0006\000.\0002\000.\0002\000\040\000g\000e\000t\000A\000r\000c\000h\000i\000v\000e\000s\000\050\000i\000d\000P\000r\000o\000v\000i\000d\000e\000r\000,\000\040\000i\000d\000D\000S\000A\000\051}{subsection.9.56.2}% 245
\BOOKMARK [3][-]{subsubsection.9.56.2.3}{\376\377\0009\000.\0005\0006\000.\0002\000.\0003\000\040\000g\000e\000t\000C\000i\000t\000a\000t\000i\000o\000n\000\050\000i\000d\000P\000r\000o\000v\000i\000d\000e\000r\000,\000\040\000s\000c\000h\000e\000m\000a\000,\000\040\000d\000s\000a\000,\000\040\000u\000r\000l\000,\000\040\000f\000i\000l\000t\000e\000r\000,\000\040\000c\000o\000n\000c\000e\000p\000t\000,\000\040\000j\000,\000\040\000c\000a\000c\000h\000e\000d\000\051}{subsection.9.56.2}% 246
\BOOKMARK [3][-]{subsubsection.9.56.2.4}{\376\377\0009\000.\0005\0006\000.\0002\000.\0004\000\040\000g\000e\000t\000C\000o\000u\000n\000t\000C\000o\000n\000c\000e\000p\000t\000\050\000i\000d\000P\000r\000o\000v\000i\000d\000e\000r\000,\000\040\000i\000d\000D\000S\000A\000,\000\040\000s\000c\000h\000e\000m\000a\000,\000\040\000q\000u\000e\000r\000y\000U\000r\000l\000,\000\040\000c\000o\000n\000c\000e\000p\000t\000,\000\040\000s\000p\000e\000c\000i\000f\000i\000e\000r\000,\000\040\000f\000i\000l\000t\000e\000r\000,\000\040\000n\000o\000c\000a\000c\000h\000e\000\051}{subsection.9.56.2}% 247
\BOOKMARK [3][-]{subsubsection.9.56.2.5}{\376\377\0009\000.\0005\0006\000.\0002\000.\0005\000\040\000g\000e\000t\000C\000u\000r\000r\000e\000n\000t\000R\000e\000c\000o\000r\000d\000s\000\050\000i\000d\000P\000r\000o\000v\000i\000d\000e\000r\000,\000\040\000i\000d\000D\000S\000A\000,\000\040\000s\000c\000h\000e\000m\000a\000,\000\040\000q\000u\000e\000r\000y\000U\000r\000l\000,\000\040\000f\000i\000l\000t\000e\000r\000,\000\040\000n\000o\000c\000a\000c\000h\000e\000\051}{subsection.9.56.2}% 248
\BOOKMARK [3][-]{subsubsection.9.56.2.6}{\376\377\0009\000.\0005\0006\000.\0002\000.\0006\000\040\000g\000e\000t\000S\000c\000h\000e\000m\000a\000\050\000s\000c\000h\000e\000m\000a\000\051}{subsection.9.56.2}% 249
\BOOKMARK [3][-]{subsubsection.9.56.2.7}{\376\377\0009\000.\0005\0006\000.\0002\000.\0007\000\040\000g\000e\000t\000U\000s\000e\000f\000u\000l\000L\000i\000n\000k\000s\000\050\000i\000d\000P\000r\000o\000v\000i\000d\000e\000r\000,\000\040\000i\000d\000D\000S\000A\000\051}{subsection.9.56.2}% 250
\BOOKMARK [3][-]{subsubsection.9.56.2.8}{\376\377\0009\000.\0005\0006\000.\0002\000.\0008\000\040\000p\000o\000p\000u\000l\000a\000t\000e\000U\000I\000\050\000\051}{subsection.9.56.2}% 251
\BOOKMARK [3][-]{subsubsection.9.56.2.9}{\376\377\0009\000.\0005\0006\000.\0002\000.\0009\000\040\000s\000h\000o\000w\000D\000a\000t\000e\000\050\000u\000t\000i\000m\000e\000\051}{subsection.9.56.2}% 252
\BOOKMARK [3][-]{subsubsection.9.56.2.10}{\376\377\0009\000.\0005\0006\000.\0002\000.\0001\0000\000\040\000s\000h\000o\000w\000P\000r\000o\000g\000r\000e\000s\000s\000\050\000i\000d\000P\000r\000o\000v\000i\000d\000e\000r\000,\000\040\000d\000s\000a\000,\000\040\000a\000c\000t\000i\000o\000n\000,\000\040\000s\000t\000a\000r\000t\000T\000i\000m\000e\000\051}{subsection.9.56.2}% 253
\BOOKMARK [1][-]{section.9.57}{\376\377\0009\000.\0005\0007\000\040\000j\000s\000/\000g\000e\000n\000e\000r\000a\000l\000.\000j\000s\000\040\000F\000i\000l\000e\000\040\000R\000e\000f\000e\000r\000e\000n\000c\000e}{chapter.9}% 254
\BOOKMARK [2][-]{subsection.9.57.1}{\376\377\0009\000.\0005\0007\000.\0001\000\040\000D\000e\000t\000a\000i\000l\000e\000d\000\040\000D\000e\000s\000c\000r\000i\000p\000t\000i\000o\000n}{section.9.57}% 255
\BOOKMARK [2][-]{subsection.9.57.2}{\376\377\0009\000.\0005\0007\000.\0002\000\040\000F\000u\000n\000c\000t\000i\000o\000n\000\040\000D\000o\000c\000u\000m\000e\000n\000t\000a\000t\000i\000o\000n}{section.9.57}% 256
\BOOKMARK [3][-]{subsubsection.9.57.2.1}{\376\377\0009\000.\0005\0007\000.\0002\000.\0001\000\040\000c\000o\000p\000y\000T\000o\000C\000l\000i\000p\000b\000o\000a\000r\000d\000\050\000e\000l\000e\000m\000\051}{subsection.9.57.2}% 257
\BOOKMARK [3][-]{subsubsection.9.57.2.2}{\376\377\0009\000.\0005\0007\000.\0002\000.\0002\000\040\000d\000i\000s\000p\000l\000a\000y\000E\000r\000r\000o\000r\000M\000e\000s\000s\000a\000g\000e\000\050\000e\000l\000t\000,\000\040\000m\000s\000g\000,\000\040\000m\000o\000d\000e\000\051}{subsection.9.57.2}% 258
\BOOKMARK [3][-]{subsubsection.9.57.2.3}{\376\377\0009\000.\0005\0007\000.\0002\000.\0003\000\040\000d\000i\000s\000p\000l\000a\000y\000S\000y\000s\000t\000e\000m\000M\000e\000s\000s\000a\000g\000e\000\050\000m\000s\000g\000,\000\040\000a\000l\000e\000r\000t\000,\000\040\000d\000u\000r\000a\000t\000i\000o\000n\000\051}{subsection.9.57.2}% 259
\BOOKMARK [3][-]{subsubsection.9.57.2.4}{\376\377\0009\000.\0005\0007\000.\0002\000.\0004\000\040\000f\000o\000r\000m\000a\000t\000X\000m\000l\000\050\000x\000m\000l\000\051}{subsection.9.57.2}% 260
\BOOKMARK [3][-]{subsubsection.9.57.2.5}{\376\377\0009\000.\0005\0007\000.\0002\000.\0005\000\040\000g\000e\000t\000M\000e\000s\000s\000a\000g\000e\000s\000\050\000p\000a\000t\000h\000\051}{subsection.9.57.2}% 261
\BOOKMARK [3][-]{subsubsection.9.57.2.6}{\376\377\0009\000.\0005\0007\000.\0002\000.\0006\000\040\000h\000i\000d\000e\000S\000y\000s\000t\000e\000m\000M\000e\000s\000s\000a\000g\000e\000\050\000\051}{subsection.9.57.2}% 262
\BOOKMARK [3][-]{subsubsection.9.57.2.7}{\376\377\0009\000.\0005\0007\000.\0002\000.\0007\000\040\000l\000o\000g\000b\000o\000o\000k\000\050\000i\000d\000P\000r\000o\000v\000i\000d\000e\000r\000,\000\040\000s\000c\000h\000e\000m\000a\000,\000\040\000d\000s\000a\000,\000\040\000c\000o\000n\000c\000e\000p\000t\000,\000\040\000a\000c\000t\000i\000o\000n\000,\000\040\000t\000i\000m\000e\000E\000l\000a\000p\000s\000e\000d\000\051}{subsection.9.57.2}% 263
\BOOKMARK [3][-]{subsubsection.9.57.2.8}{\376\377\0009\000.\0005\0007\000.\0002\000.\0008\000\040\000s\000h\000o\000w\000C\000o\000n\000c\000u\000r\000r\000e\000n\000t\000R\000e\000q\000u\000e\000s\000t\000s\000\050\000\051}{subsection.9.57.2}% 264
\BOOKMARK [2][-]{subsection.9.57.3}{\376\377\0009\000.\0005\0007\000.\0003\000\040\000V\000a\000r\000i\000a\000b\000l\000e\000\040\000D\000o\000c\000u\000m\000e\000n\000t\000a\000t\000i\000o\000n}{section.9.57}% 265
\BOOKMARK [3][-]{subsubsection.9.57.3.1}{\376\377\0009\000.\0005\0007\000.\0003\000.\0001\000\040\000b\000i\000o\000c\000a\000s\000e\000L\000o\000c\000a\000l\000Q\000u\000e\000r\000y\000T\000o\000o\000l\000U\000r\000l}{subsection.9.57.3}% 266
\BOOKMARK [3][-]{subsubsection.9.57.3.2}{\376\377\0009\000.\0005\0007\000.\0003\000.\0002\000\040\000b\000i\000o\000c\000a\000s\000e\000Q\000u\000e\000r\000y\000U\000r\000l}{subsection.9.57.3}% 267
\BOOKMARK [3][-]{subsubsection.9.57.3.3}{\376\377\0009\000.\0005\0007\000.\0003\000.\0003\000\040\000b\000i\000o\000c\000a\000s\000e\000R\000e\000s\000p\000o\000n\000s\000e\000U\000r\000l}{subsection.9.57.3}% 268
\BOOKMARK [3][-]{subsubsection.9.57.3.4}{\376\377\0009\000.\0005\0007\000.\0003\000.\0004\000\040\000d\000e\000b\000u\000g\000m\000o\000d\000e}{subsection.9.57.3}% 269
\BOOKMARK [3][-]{subsubsection.9.57.3.5}{\376\377\0009\000.\0005\0007\000.\0003\000.\0005\000\040\000m\000e\000s\000s\000a\000g\000e}{subsection.9.57.3}% 270
\BOOKMARK [3][-]{subsubsection.9.57.3.6}{\376\377\0009\000.\0005\0007\000.\0003\000.\0006\000\040\000n\000b\000A\000j\000a\000x\000C\000a\000l\000l\000s}{subsection.9.57.3}% 271
\BOOKMARK [3][-]{subsubsection.9.57.3.7}{\376\377\0009\000.\0005\0007\000.\0003\000.\0007\000\040\000s\000p\000i\000n\000n\000e\000r}{subsection.9.57.3}% 272
\BOOKMARK [3][-]{subsubsection.9.57.3.8}{\376\377\0009\000.\0005\0007\000.\0003\000.\0008\000\040\000v\000e\000r\000b\000o\000s\000e}{subsection.9.57.3}% 273
\BOOKMARK [1][-]{section.9.58}{\376\377\0009\000.\0005\0008\000\040\000j\000s\000/\000l\000a\000n\000d\000i\000n\000g\000p\000a\000g\000e\000.\000j\000s\000\040\000F\000i\000l\000e\000\040\000R\000e\000f\000e\000r\000e\000n\000c\000e}{chapter.9}% 274
\BOOKMARK [2][-]{subsection.9.58.1}{\376\377\0009\000.\0005\0008\000.\0001\000\040\000D\000e\000t\000a\000i\000l\000e\000d\000\040\000D\000e\000s\000c\000r\000i\000p\000t\000i\000o\000n}{section.9.58}% 275
\BOOKMARK [1][-]{section.9.59}{\376\377\0009\000.\0005\0009\000\040\000l\000a\000n\000d\000i\000n\000g\000p\000a\000g\000e\000.\000p\000h\000p\000\040\000F\000i\000l\000e\000\040\000R\000e\000f\000e\000r\000e\000n\000c\000e}{chapter.9}% 276
\BOOKMARK [2][-]{subsection.9.59.1}{\376\377\0009\000.\0005\0009\000.\0001\000\040\000D\000e\000t\000a\000i\000l\000e\000d\000\040\000D\000e\000s\000c\000r\000i\000p\000t\000i\000o\000n}{section.9.59}% 277
\BOOKMARK [1][-]{section.9.60}{\376\377\0009\000.\0006\0000\000\040\000l\000o\000g\000b\000o\000o\000k\000.\000p\000h\000p\000\040\000F\000i\000l\000e\000\040\000R\000e\000f\000e\000r\000e\000n\000c\000e}{chapter.9}% 278
\BOOKMARK [2][-]{subsection.9.60.1}{\376\377\0009\000.\0006\0000\000.\0001\000\040\000D\000e\000t\000a\000i\000l\000e\000d\000\040\000D\000e\000s\000c\000r\000i\000p\000t\000i\000o\000n}{section.9.60}% 279
